0 info it worked if it ends with ok
1 verbose cli [ 'C:\\Program Files\\nodejs\\node.exe',
1 verbose cli   'C:\\Program Files\\nodejs\\node_modules\\npm\\bin\\npm-cli.js',
1 verbose cli   'run',
1 verbose cli   'dev' ]
2 info using npm@3.10.10
3 info using node@v6.9.5
4 verbose run-script [ 'predev', 'dev', 'postdev' ]
5 info lifecycle vue-test@1.0.0~predev: vue-test@1.0.0
6 silly lifecycle vue-test@1.0.0~predev: no script for predev, continuing
7 info lifecycle vue-test@1.0.0~dev: vue-test@1.0.0
8 verbose lifecycle vue-test@1.0.0~dev: unsafe-perm in lifecycle true
9 verbose lifecycle vue-test@1.0.0~dev: PATH: C:\Program Files\nodejs\node_modules\npm\bin\node-gyp-bin;G:\develop\Projects\Vue\vue\node_modules\.bin;C:\Users\rutaz\AppData\Roaming\npm;C:\ProgramData\Oracle\Java\javapath;C:\Program Files (x86)\Intel\iCLS Client\;C:\Program Files\Intel\iCLS Client\;C:\WINDOWS\system32;C:\WINDOWS;C:\WINDOWS\System32\Wbem;C:\WINDOWS\System32\WindowsPowerShell\v1.0\;C:\Program Files (x86)\Intel\Intel(R) Management Engine Components\DAL;C:\Program Files\Intel\Intel(R) Management Engine Components\DAL;C:\Program Files (x86)\Intel\Intel(R) Management Engine Components\IPT;C:\Program Files\Intel\Intel(R) Management Engine Components\IPT;C:\Users\rutaz\AppData\Local\Roaming\npm\node_modules;C:\Program Files (x86)\Windows Kits\8.1\Windows Performance Toolkit\;C:\Program Files\nodejs\;C:\Python27;C:\Program Files (x86)\GtkSharp\2.12\bin;C:\Program Files\Intel\WiFi\bin\;C:\Program Files\Common Files\Intel\WirelessCommon\;C:\Program Files (x86)\Yarn\bin;C:\Program Files\Java\jdk1.8.0_152\bin;C:\Program Files\TortoiseSVN\bin;C:\Users\Guest123\Downloads\bin;C:\Users\Apache-Subversion-1.9.7;C:\Program Files\PostgreSQL\9.6\bin;C:\Users\rutaz\AppData\Local\Microsoft\WindowsApps;C:\Users\rutaz\AppData\Local\Programs\Git\cmd;C:\Users\rutaz\AppData\Roaming\npm;
10 verbose lifecycle vue-test@1.0.0~dev: CWD: G:\develop\Projects\Vue\vue
11 silly lifecycle vue-test@1.0.0~dev: Args: [ '/d /s /c', 'node build/dev-server.js' ]
12 silly lifecycle vue-test@1.0.0~dev: Returned: code: 3221225786  signal: null
13 info lifecycle vue-test@1.0.0~dev: Failed to exec dev script
14 verbose stack Error: vue-test@1.0.0 dev: `node build/dev-server.js`
14 verbose stack Exit status 3221225786
14 verbose stack     at EventEmitter.<anonymous> (C:\Program Files\nodejs\node_modules\npm\lib\utils\lifecycle.js:255:16)
14 verbose stack     at emitTwo (events.js:106:13)
14 verbose stack     at EventEmitter.emit (events.js:191:7)
14 verbose stack     at ChildProcess.<anonymous> (C:\Program Files\nodejs\node_modules\npm\lib\utils\spawn.js:40:14)
14 verbose stack     at emitTwo (events.js:106:13)
14 verbose stack     at ChildProcess.emit (events.js:191:7)
14 verbose stack     at maybeClose (internal/child_process.js:877:16)
14 verbose stack     at Process.ChildProcess._handle.onexit (internal/child_process.js:226:5)
15 verbose pkgid vue-test@1.0.0
16 verbose cwd G:\develop\Projects\Vue\vue
17 error Windows_NT 10.0.16299
18 error argv "C:\\Program Files\\nodejs\\node.exe" "C:\\Program Files\\nodejs\\node_modules\\npm\\bin\\npm-cli.js" "run" "dev"
19 error node v6.9.5
20 error npm  v3.10.10
21 error code ELIFECYCLE
22 error vue-test@1.0.0 dev: `node build/dev-server.js`
22 error Exit status 3221225786
23 error Failed at the vue-test@1.0.0 dev script 'node build/dev-server.js'.
23 error Make sure you have the latest version of node.js and npm installed.
23 error If you do, this is most likely a problem with the vue-test package,
23 error not with npm itself.
23 error Tell the author that this fails on your system:
23 error     node build/dev-server.js
23 error You can get information on how to open an issue for this project with:
23 error     npm bugs vue-test
23 error Or if that isn't available, you can get their info via:
23 error     npm owner ls vue-test
23 error There is likely additional logging output above.
24 verbose exit [ 1, true ]
